{"level":"info","message":"::1 - - [06/Jan/2017:17:54:08 +0000] \"GET / HTTP/1.1\" 304 -\n","timestamp":"2017-01-06T17:54:08.211Z"}
{"level":"info","message":"::1 - - [06/Jan/2017:17:54:32 +0000] \"GET /tasks HTTP/1.1\" 401 -\n","timestamp":"2017-01-06T17:54:32.054Z"}
{"level":"info","message":"::1 - - [06/Jan/2017:17:55:03 +0000] \"GET /users HTTP/1.1\" 404 18\n","timestamp":"2017-01-06T17:55:03.238Z"}
{"level":"info","message":"::1 - - [06/Jan/2017:17:55:18 +0000] \"GET /user HTTP/1.1\" 401 -\n","timestamp":"2017-01-06T17:55:18.353Z"}
{"level":"info","message":"::1 - - [06/Jan/2017:18:08:02 +0000] \"GET / HTTP/1.1\" 304 -\n","timestamp":"2017-01-06T18:08:02.123Z"}
{"level":"info","message":"::1 - - [06/Jan/2017:18:13:17 +0000] \"GET / HTTP/1.1\" 304 -\n","timestamp":"2017-01-06T18:13:17.161Z"}
{"level":"info","message":"::1 - - [06/Jan/2017:18:13:22 +0000] \"GET /apidoc/ HTTP/1.1\" 200 -\n","timestamp":"2017-01-06T18:13:22.644Z"}
{"level":"info","message":"::1 - - [06/Jan/2017:18:13:22 +0000] \"GET /apidoc/vendor/bootstrap.min.css HTTP/1.1\" 200 -\n","timestamp":"2017-01-06T18:13:22.683Z"}
{"level":"info","message":"::1 - - [06/Jan/2017:18:13:22 +0000] \"GET /apidoc/vendor/prettify.css HTTP/1.1\" 200 -\n","timestamp":"2017-01-06T18:13:22.744Z"}
{"level":"info","message":"::1 - - [06/Jan/2017:18:13:22 +0000] \"GET /apidoc/css/style.css HTTP/1.1\" 200 -\n","timestamp":"2017-01-06T18:13:22.783Z"}
{"level":"info","message":"::1 - - [06/Jan/2017:18:13:22 +0000] \"GET /apidoc/vendor/polyfill.js HTTP/1.1\" 200 -\n","timestamp":"2017-01-06T18:13:22.792Z"}
{"level":"info","message":"::1 - - [06/Jan/2017:18:13:22 +0000] \"GET /apidoc/vendor/require.min.js HTTP/1.1\" 200 -\n","timestamp":"2017-01-06T18:13:22.819Z"}
{"level":"info","message":"::1 - - [06/Jan/2017:18:13:23 +0000] \"GET /apidoc/main.js HTTP/1.1\" 200 -\n","timestamp":"2017-01-06T18:13:23.100Z"}
{"level":"info","message":"::1 - - [06/Jan/2017:18:13:23 +0000] \"GET /apidoc/api_project.js?v=1483726403120 HTTP/1.1\" 200 343\n","timestamp":"2017-01-06T18:13:23.144Z"}
{"level":"info","message":"::1 - - [06/Jan/2017:18:13:23 +0000] \"GET /apidoc/api_data.js?v=1483726403120 HTTP/1.1\" 200 -\n","timestamp":"2017-01-06T18:13:23.146Z"}
{"level":"info","message":"::1 - - [06/Jan/2017:18:13:23 +0000] \"GET /apidoc/locales/locale.js?v=1483726403120 HTTP/1.1\" 200 -\n","timestamp":"2017-01-06T18:13:23.149Z"}
{"level":"info","message":"::1 - - [06/Jan/2017:18:13:23 +0000] \"GET /apidoc/vendor/lodash.min.js?v=1483726403120 HTTP/1.1\" 200 -\n","timestamp":"2017-01-06T18:13:23.149Z"}
{"level":"info","message":"::1 - - [06/Jan/2017:18:13:23 +0000] \"GET /apidoc/utils/send_sample_request.js?v=1483726403120 HTTP/1.1\" 200 -\n","timestamp":"2017-01-06T18:13:23.151Z"}
{"level":"info","message":"::1 - - [06/Jan/2017:18:13:23 +0000] \"GET /apidoc/vendor/jquery.min.js?v=1483726403120 HTTP/1.1\" 200 -\n","timestamp":"2017-01-06T18:13:23.152Z"}
{"level":"info","message":"::1 - - [06/Jan/2017:18:13:23 +0000] \"GET /apidoc/vendor/semver.min.js?v=1483726403120 HTTP/1.1\" 200 -\n","timestamp":"2017-01-06T18:13:23.164Z"}
{"level":"info","message":"::1 - - [06/Jan/2017:18:13:23 +0000] \"GET /apidoc/vendor/webfontloader.js?v=1483726403120 HTTP/1.1\" 200 -\n","timestamp":"2017-01-06T18:13:23.164Z"}
{"level":"info","message":"::1 - - [06/Jan/2017:18:13:23 +0000] \"GET /apidoc/vendor/path-to-regexp/index.js?v=1483726403120 HTTP/1.1\" 200 -\n","timestamp":"2017-01-06T18:13:23.167Z"}
{"level":"info","message":"::1 - - [06/Jan/2017:18:13:23 +0000] \"GET /apidoc/vendor/prettify/prettify.js?v=1483726403120 HTTP/1.1\" 200 -\n","timestamp":"2017-01-06T18:13:23.183Z"}
{"level":"info","message":"::1 - - [06/Jan/2017:18:13:23 +0000] \"GET /apidoc/locales/ca.js?v=1483726403120 HTTP/1.1\" 200 -\n","timestamp":"2017-01-06T18:13:23.187Z"}
{"level":"info","message":"::1 - - [06/Jan/2017:18:13:23 +0000] \"GET /apidoc/locales/de.js?v=1483726403120 HTTP/1.1\" 200 -\n","timestamp":"2017-01-06T18:13:23.198Z"}
{"level":"info","message":"::1 - - [06/Jan/2017:18:13:23 +0000] \"GET /apidoc/locales/es.js?v=1483726403120 HTTP/1.1\" 200 -\n","timestamp":"2017-01-06T18:13:23.215Z"}
{"level":"info","message":"::1 - - [06/Jan/2017:18:13:23 +0000] \"GET /apidoc/locales/fr.js?v=1483726403120 HTTP/1.1\" 200 -\n","timestamp":"2017-01-06T18:13:23.216Z"}
{"level":"info","message":"::1 - - [06/Jan/2017:18:13:23 +0000] \"GET /apidoc/locales/it.js?v=1483726403120 HTTP/1.1\" 200 -\n","timestamp":"2017-01-06T18:13:23.218Z"}
{"level":"info","message":"::1 - - [06/Jan/2017:18:13:23 +0000] \"GET /apidoc/locales/nl.js?v=1483726403120 HTTP/1.1\" 200 -\n","timestamp":"2017-01-06T18:13:23.232Z"}
{"level":"info","message":"::1 - - [06/Jan/2017:18:13:23 +0000] \"GET /apidoc/locales/pl.js?v=1483726403120 HTTP/1.1\" 200 -\n","timestamp":"2017-01-06T18:13:23.235Z"}
{"level":"info","message":"::1 - - [06/Jan/2017:18:13:23 +0000] \"GET /apidoc/locales/pt_br.js?v=1483726403120 HTTP/1.1\" 200 -\n","timestamp":"2017-01-06T18:13:23.247Z"}
{"level":"info","message":"::1 - - [06/Jan/2017:18:13:23 +0000] \"GET /apidoc/locales/ru.js?v=1483726403120 HTTP/1.1\" 200 -\n","timestamp":"2017-01-06T18:13:23.259Z"}
{"level":"info","message":"::1 - - [06/Jan/2017:18:13:23 +0000] \"GET /apidoc/locales/zh.js?v=1483726403120 HTTP/1.1\" 200 -\n","timestamp":"2017-01-06T18:13:23.264Z"}
{"level":"info","message":"::1 - - [06/Jan/2017:18:13:23 +0000] \"GET /apidoc/locales/zh_cn.js?v=1483726403120 HTTP/1.1\" 200 -\n","timestamp":"2017-01-06T18:13:23.266Z"}
{"level":"info","message":"::1 - - [06/Jan/2017:18:13:23 +0000] \"GET /apidoc/vendor/bootstrap.min.js?v=1483726403120 HTTP/1.1\" 200 -\n","timestamp":"2017-01-06T18:13:23.291Z"}
{"level":"info","message":"::1 - - [06/Jan/2017:18:13:23 +0000] \"GET /apidoc/vendor/handlebars.min.js?v=1483726403120 HTTP/1.1\" 200 -\n","timestamp":"2017-01-06T18:13:23.293Z"}
{"level":"info","message":"::1 - - [06/Jan/2017:18:13:23 +0000] \"GET /apidoc/utils/handlebars_helper.js?v=1483726403120 HTTP/1.1\" 200 -\n","timestamp":"2017-01-06T18:13:23.392Z"}
{"level":"info","message":"::1 - - [06/Jan/2017:18:13:23 +0000] \"GET /apidoc/vendor/diff_match_patch.min.js?v=1483726403120 HTTP/1.1\" 200 -\n","timestamp":"2017-01-06T18:13:23.405Z"}
{"level":"info","message":"::1 - - [06/Jan/2017:18:13:25 +0000] \"GET /apidoc/css/style.css HTTP/1.1\" 304 -\n","timestamp":"2017-01-06T18:13:25.820Z"}
{"level":"info","message":"::1 - - [06/Jan/2017:18:13:25 +0000] \"GET /apidoc/vendor/bootstrap.min.css HTTP/1.1\" 304 -\n","timestamp":"2017-01-06T18:13:25.822Z"}
{"level":"info","message":"::1 - - [06/Jan/2017:18:13:25 +0000] \"GET /apidoc/vendor/prettify.css HTTP/1.1\" 304 -\n","timestamp":"2017-01-06T18:13:25.822Z"}
{"level":"info","message":"::1 - - [06/Jan/2017:18:13:40 +0000] \"GET /apidoc/ HTTP/1.1\" 304 -\n","timestamp":"2017-01-06T18:13:40.965Z"}
{"level":"info","message":"::1 - - [06/Jan/2017:18:13:41 +0000] \"GET /apidoc/css/style.css HTTP/1.1\" 304 -\n","timestamp":"2017-01-06T18:13:41.003Z"}
{"level":"info","message":"::1 - - [06/Jan/2017:18:13:41 +0000] \"GET /apidoc/vendor/polyfill.js HTTP/1.1\" 304 -\n","timestamp":"2017-01-06T18:13:41.004Z"}
{"level":"info","message":"::1 - - [06/Jan/2017:18:13:41 +0000] \"GET /apidoc/vendor/require.min.js HTTP/1.1\" 304 -\n","timestamp":"2017-01-06T18:13:41.005Z"}
{"level":"info","message":"::1 - - [06/Jan/2017:18:13:41 +0000] \"GET /apidoc/vendor/bootstrap.min.css HTTP/1.1\" 304 -\n","timestamp":"2017-01-06T18:13:41.058Z"}
{"level":"info","message":"::1 - - [06/Jan/2017:18:13:41 +0000] \"GET /apidoc/vendor/prettify.css HTTP/1.1\" 304 -\n","timestamp":"2017-01-06T18:13:41.063Z"}
{"level":"info","message":"::1 - - [06/Jan/2017:18:13:42 +0000] \"GET /apidoc/main.js HTTP/1.1\" 304 -\n","timestamp":"2017-01-06T18:13:42.656Z"}
{"level":"info","message":"::1 - - [06/Jan/2017:18:13:42 +0000] \"GET /apidoc/locales/locale.js?v=1483726422792 HTTP/1.1\" 200 -\n","timestamp":"2017-01-06T18:13:42.866Z"}
{"level":"info","message":"::1 - - [06/Jan/2017:18:13:42 +0000] \"GET /apidoc/utils/send_sample_request.js?v=1483726422792 HTTP/1.1\" 200 -\n","timestamp":"2017-01-06T18:13:42.866Z"}
{"level":"info","message":"::1 - - [06/Jan/2017:18:13:42 +0000] \"GET /apidoc/vendor/lodash.min.js?v=1483726422792 HTTP/1.1\" 200 -\n","timestamp":"2017-01-06T18:13:42.863Z"}
{"level":"info","message":"::1 - - [06/Jan/2017:18:13:42 +0000] \"GET /apidoc/vendor/jquery.min.js?v=1483726422792 HTTP/1.1\" 200 -\n","timestamp":"2017-01-06T18:13:42.876Z"}
{"level":"info","message":"::1 - - [06/Jan/2017:18:13:42 +0000] \"GET /apidoc/api_project.js?v=1483726422792 HTTP/1.1\" 200 343\n","timestamp":"2017-01-06T18:13:42.877Z"}
{"level":"info","message":"::1 - - [06/Jan/2017:18:13:42 +0000] \"GET /apidoc/vendor/webfontloader.js?v=1483726422792 HTTP/1.1\" 200 -\n","timestamp":"2017-01-06T18:13:42.911Z"}
{"level":"info","message":"::1 - - [06/Jan/2017:18:13:42 +0000] \"GET /apidoc/vendor/prettify/prettify.js?v=1483726422792 HTTP/1.1\" 200 -\n","timestamp":"2017-01-06T18:13:42.917Z"}
{"level":"info","message":"::1 - - [06/Jan/2017:18:13:42 +0000] \"GET /apidoc/vendor/semver.min.js?v=1483726422792 HTTP/1.1\" 200 -\n","timestamp":"2017-01-06T18:13:42.934Z"}
{"level":"info","message":"::1 - - [06/Jan/2017:18:13:42 +0000] \"GET /apidoc/vendor/path-to-regexp/index.js?v=1483726422792 HTTP/1.1\" 200 -\n","timestamp":"2017-01-06T18:13:42.941Z"}
{"level":"info","message":"::1 - - [06/Jan/2017:18:13:42 +0000] \"GET /apidoc/api_data.js?v=1483726422792 HTTP/1.1\" 200 -\n","timestamp":"2017-01-06T18:13:42.966Z"}
{"level":"info","message":"::1 - - [06/Jan/2017:18:13:42 +0000] \"GET /apidoc/locales/de.js?v=1483726422792 HTTP/1.1\" 200 -\n","timestamp":"2017-01-06T18:13:42.987Z"}
{"level":"info","message":"::1 - - [06/Jan/2017:18:13:42 +0000] \"GET /apidoc/locales/es.js?v=1483726422792 HTTP/1.1\" 200 -\n","timestamp":"2017-01-06T18:13:42.987Z"}
{"level":"info","message":"::1 - - [06/Jan/2017:18:13:42 +0000] \"GET /apidoc/locales/it.js?v=1483726422792 HTTP/1.1\" 200 -\n","timestamp":"2017-01-06T18:13:42.993Z"}
{"level":"info","message":"::1 - - [06/Jan/2017:18:13:43 +0000] \"GET /apidoc/locales/pl.js?v=1483726422792 HTTP/1.1\" 200 -\n","timestamp":"2017-01-06T18:13:43.007Z"}
{"level":"info","message":"::1 - - [06/Jan/2017:18:13:43 +0000] \"GET /apidoc/locales/nl.js?v=1483726422792 HTTP/1.1\" 200 -\n","timestamp":"2017-01-06T18:13:43.010Z"}
{"level":"info","message":"::1 - - [06/Jan/2017:18:13:43 +0000] \"GET /apidoc/locales/fr.js?v=1483726422792 HTTP/1.1\" 200 -\n","timestamp":"2017-01-06T18:13:43.009Z"}
{"level":"info","message":"::1 - - [06/Jan/2017:18:13:43 +0000] \"GET /apidoc/locales/ca.js?v=1483726422792 HTTP/1.1\" 200 -\n","timestamp":"2017-01-06T18:13:43.020Z"}
{"level":"info","message":"::1 - - [06/Jan/2017:18:13:43 +0000] \"GET /apidoc/locales/pt_br.js?v=1483726422792 HTTP/1.1\" 200 -\n","timestamp":"2017-01-06T18:13:43.039Z"}
{"level":"info","message":"::1 - - [06/Jan/2017:18:13:43 +0000] \"GET /apidoc/locales/ru.js?v=1483726422792 HTTP/1.1\" 200 -\n","timestamp":"2017-01-06T18:13:43.040Z"}
{"level":"info","message":"::1 - - [06/Jan/2017:18:13:43 +0000] \"GET /apidoc/locales/zh.js?v=1483726422792 HTTP/1.1\" 200 -\n","timestamp":"2017-01-06T18:13:43.060Z"}
{"level":"info","message":"::1 - - [06/Jan/2017:18:13:43 +0000] \"GET /apidoc/vendor/handlebars.min.js?v=1483726422792 HTTP/1.1\" 200 -\n","timestamp":"2017-01-06T18:13:43.072Z"}
{"level":"info","message":"::1 - - [06/Jan/2017:18:13:43 +0000] \"GET /apidoc/locales/zh_cn.js?v=1483726422792 HTTP/1.1\" 200 -\n","timestamp":"2017-01-06T18:13:43.136Z"}
{"level":"info","message":"::1 - - [06/Jan/2017:18:13:43 +0000] \"GET /apidoc/vendor/bootstrap.min.js?v=1483726422792 HTTP/1.1\" 200 -\n","timestamp":"2017-01-06T18:13:43.141Z"}
{"level":"info","message":"::1 - - [06/Jan/2017:18:13:43 +0000] \"GET /apidoc/utils/handlebars_helper.js?v=1483726422792 HTTP/1.1\" 200 -\n","timestamp":"2017-01-06T18:13:43.330Z"}
{"level":"info","message":"::1 - - [06/Jan/2017:18:13:43 +0000] \"GET /apidoc/vendor/diff_match_patch.min.js?v=1483726422792 HTTP/1.1\" 200 -\n","timestamp":"2017-01-06T18:13:43.359Z"}
{"level":"info","message":"::1 - - [06/Jan/2017:18:14:24 +0000] \"GET /apidoc/ HTTP/1.1\" 200 -\n","timestamp":"2017-01-06T18:14:24.579Z"}
{"level":"info","message":"::1 - - [06/Jan/2017:18:14:24 +0000] \"GET /apidoc/vendor/bootstrap.min.css HTTP/1.1\" 200 -\n","timestamp":"2017-01-06T18:14:24.630Z"}
{"level":"info","message":"::1 - - [06/Jan/2017:18:14:24 +0000] \"GET /apidoc/vendor/prettify.css HTTP/1.1\" 200 -\n","timestamp":"2017-01-06T18:14:24.633Z"}
{"level":"info","message":"::1 - - [06/Jan/2017:18:14:24 +0000] \"GET /apidoc/vendor/polyfill.js HTTP/1.1\" 200 -\n","timestamp":"2017-01-06T18:14:24.638Z"}
{"level":"info","message":"::1 - - [06/Jan/2017:18:14:24 +0000] \"GET /apidoc/vendor/require.min.js HTTP/1.1\" 200 -\n","timestamp":"2017-01-06T18:14:24.643Z"}
{"level":"info","message":"::1 - - [06/Jan/2017:18:14:24 +0000] \"GET /apidoc/css/style.css HTTP/1.1\" 200 -\n","timestamp":"2017-01-06T18:14:24.644Z"}
{"level":"info","message":"::1 - - [06/Jan/2017:18:14:25 +0000] \"GET /apidoc/main.js HTTP/1.1\" 304 -\n","timestamp":"2017-01-06T18:14:25.792Z"}
{"level":"info","message":"::1 - - [06/Jan/2017:18:14:25 +0000] \"GET /apidoc/locales/locale.js?v=1483726465854 HTTP/1.1\" 200 -\n","timestamp":"2017-01-06T18:14:25.901Z"}
{"level":"info","message":"::1 - - [06/Jan/2017:18:14:25 +0000] \"GET /apidoc/vendor/jquery.min.js?v=1483726465854 HTTP/1.1\" 200 -\n","timestamp":"2017-01-06T18:14:25.902Z"}
{"level":"info","message":"::1 - - [06/Jan/2017:18:14:25 +0000] \"GET /apidoc/vendor/lodash.min.js?v=1483726465854 HTTP/1.1\" 200 -\n","timestamp":"2017-01-06T18:14:25.909Z"}
{"level":"info","message":"::1 - - [06/Jan/2017:18:14:25 +0000] \"GET /apidoc/api_project.js?v=1483726465854 HTTP/1.1\" 200 343\n","timestamp":"2017-01-06T18:14:25.915Z"}
{"level":"info","message":"::1 - - [06/Jan/2017:18:14:25 +0000] \"GET /apidoc/api_data.js?v=1483726465854 HTTP/1.1\" 200 -\n","timestamp":"2017-01-06T18:14:25.931Z"}
{"level":"info","message":"::1 - - [06/Jan/2017:18:14:25 +0000] \"GET /apidoc/vendor/semver.min.js?v=1483726465854 HTTP/1.1\" 200 -\n","timestamp":"2017-01-06T18:14:25.935Z"}
{"level":"info","message":"::1 - - [06/Jan/2017:18:14:25 +0000] \"GET /apidoc/utils/send_sample_request.js?v=1483726465854 HTTP/1.1\" 200 -\n","timestamp":"2017-01-06T18:14:25.938Z"}
{"level":"info","message":"::1 - - [06/Jan/2017:18:14:25 +0000] \"GET /apidoc/vendor/webfontloader.js?v=1483726465854 HTTP/1.1\" 200 -\n","timestamp":"2017-01-06T18:14:25.939Z"}
{"level":"info","message":"::1 - - [06/Jan/2017:18:14:25 +0000] \"GET /apidoc/vendor/path-to-regexp/index.js?v=1483726465854 HTTP/1.1\" 200 -\n","timestamp":"2017-01-06T18:14:25.968Z"}
{"level":"info","message":"::1 - - [06/Jan/2017:18:14:25 +0000] \"GET /apidoc/vendor/prettify/prettify.js?v=1483726465854 HTTP/1.1\" 200 -\n","timestamp":"2017-01-06T18:14:25.986Z"}
{"level":"info","message":"::1 - - [06/Jan/2017:18:14:25 +0000] \"GET /apidoc/locales/ca.js?v=1483726465854 HTTP/1.1\" 200 -\n","timestamp":"2017-01-06T18:14:25.990Z"}
{"level":"info","message":"::1 - - [06/Jan/2017:18:14:26 +0000] \"GET /apidoc/locales/es.js?v=1483726465854 HTTP/1.1\" 200 -\n","timestamp":"2017-01-06T18:14:26.006Z"}
{"level":"info","message":"::1 - - [06/Jan/2017:18:14:26 +0000] \"GET /apidoc/locales/it.js?v=1483726465854 HTTP/1.1\" 200 -\n","timestamp":"2017-01-06T18:14:26.008Z"}
{"level":"info","message":"::1 - - [06/Jan/2017:18:14:26 +0000] \"GET /apidoc/locales/de.js?v=1483726465854 HTTP/1.1\" 200 -\n","timestamp":"2017-01-06T18:14:26.010Z"}
{"level":"info","message":"::1 - - [06/Jan/2017:18:14:26 +0000] \"GET /apidoc/locales/fr.js?v=1483726465854 HTTP/1.1\" 200 -\n","timestamp":"2017-01-06T18:14:26.010Z"}
{"level":"info","message":"::1 - - [06/Jan/2017:18:14:26 +0000] \"GET /apidoc/locales/nl.js?v=1483726465854 HTTP/1.1\" 200 -\n","timestamp":"2017-01-06T18:14:26.025Z"}
{"level":"info","message":"::1 - - [06/Jan/2017:18:14:26 +0000] \"GET /apidoc/locales/pt_br.js?v=1483726465854 HTTP/1.1\" 200 -\n","timestamp":"2017-01-06T18:14:26.042Z"}
{"level":"info","message":"::1 - - [06/Jan/2017:18:14:26 +0000] \"GET /apidoc/locales/pl.js?v=1483726465854 HTTP/1.1\" 200 -\n","timestamp":"2017-01-06T18:14:26.044Z"}
{"level":"info","message":"::1 - - [06/Jan/2017:18:14:26 +0000] \"GET /apidoc/locales/ru.js?v=1483726465854 HTTP/1.1\" 200 -\n","timestamp":"2017-01-06T18:14:26.050Z"}
{"level":"info","message":"::1 - - [06/Jan/2017:18:14:26 +0000] \"GET /apidoc/locales/zh.js?v=1483726465854 HTTP/1.1\" 200 -\n","timestamp":"2017-01-06T18:14:26.058Z"}
{"level":"info","message":"::1 - - [06/Jan/2017:18:14:26 +0000] \"GET /apidoc/locales/zh_cn.js?v=1483726465854 HTTP/1.1\" 200 -\n","timestamp":"2017-01-06T18:14:26.062Z"}
{"level":"info","message":"::1 - - [06/Jan/2017:18:14:26 +0000] \"GET /apidoc/vendor/handlebars.min.js?v=1483726465854 HTTP/1.1\" 200 -\n","timestamp":"2017-01-06T18:14:26.088Z"}
{"level":"info","message":"::1 - - [06/Jan/2017:18:14:26 +0000] \"GET /apidoc/vendor/bootstrap.min.js?v=1483726465854 HTTP/1.1\" 200 -\n","timestamp":"2017-01-06T18:14:26.103Z"}
{"level":"info","message":"::1 - - [06/Jan/2017:18:14:26 +0000] \"GET /apidoc/utils/handlebars_helper.js?v=1483726465854 HTTP/1.1\" 200 -\n","timestamp":"2017-01-06T18:14:26.212Z"}
{"level":"info","message":"::1 - - [06/Jan/2017:18:14:26 +0000] \"GET /apidoc/vendor/diff_match_patch.min.js?v=1483726465854 HTTP/1.1\" 200 -\n","timestamp":"2017-01-06T18:14:26.255Z"}
{"level":"info","message":"::1 - - [06/Jan/2017:18:14:38 +0000] \"GET /apidoc/ HTTP/1.1\" 304 -\n","timestamp":"2017-01-06T18:14:38.833Z"}
{"level":"info","message":"::1 - - [06/Jan/2017:18:14:38 +0000] \"GET /apidoc/vendor/bootstrap.min.css HTTP/1.1\" 304 -\n","timestamp":"2017-01-06T18:14:38.868Z"}
{"level":"info","message":"::1 - - [06/Jan/2017:18:14:38 +0000] \"GET /apidoc/vendor/polyfill.js HTTP/1.1\" 304 -\n","timestamp":"2017-01-06T18:14:38.872Z"}
{"level":"info","message":"::1 - - [06/Jan/2017:18:14:38 +0000] \"GET /apidoc/vendor/prettify.css HTTP/1.1\" 304 -\n","timestamp":"2017-01-06T18:14:38.872Z"}
{"level":"info","message":"::1 - - [06/Jan/2017:18:14:38 +0000] \"GET /apidoc/css/style.css HTTP/1.1\" 304 -\n","timestamp":"2017-01-06T18:14:38.872Z"}
{"level":"info","message":"::1 - - [06/Jan/2017:18:14:38 +0000] \"GET /apidoc/vendor/require.min.js HTTP/1.1\" 304 -\n","timestamp":"2017-01-06T18:14:38.874Z"}
{"level":"info","message":"::1 - - [06/Jan/2017:18:14:39 +0000] \"GET /apidoc/main.js HTTP/1.1\" 304 -\n","timestamp":"2017-01-06T18:14:39.945Z"}
{"level":"info","message":"::1 - - [06/Jan/2017:18:14:40 +0000] \"GET /apidoc/locales/locale.js?v=1483726480030 HTTP/1.1\" 200 -\n","timestamp":"2017-01-06T18:14:40.052Z"}
{"level":"info","message":"::1 - - [06/Jan/2017:18:14:40 +0000] \"GET /apidoc/api_project.js?v=1483726480030 HTTP/1.1\" 200 343\n","timestamp":"2017-01-06T18:14:40.063Z"}
{"level":"info","message":"::1 - - [06/Jan/2017:18:14:40 +0000] \"GET /apidoc/api_data.js?v=1483726480030 HTTP/1.1\" 200 -\n","timestamp":"2017-01-06T18:14:40.070Z"}
{"level":"info","message":"::1 - - [06/Jan/2017:18:14:40 +0000] \"GET /apidoc/utils/send_sample_request.js?v=1483726480030 HTTP/1.1\" 200 -\n","timestamp":"2017-01-06T18:14:40.073Z"}
{"level":"info","message":"::1 - - [06/Jan/2017:18:14:40 +0000] \"GET /apidoc/vendor/semver.min.js?v=1483726480030 HTTP/1.1\" 200 -\n","timestamp":"2017-01-06T18:14:40.077Z"}
{"level":"info","message":"::1 - - [06/Jan/2017:18:14:40 +0000] \"GET /apidoc/vendor/lodash.min.js?v=1483726480030 HTTP/1.1\" 200 -\n","timestamp":"2017-01-06T18:14:40.078Z"}
{"level":"info","message":"::1 - - [06/Jan/2017:18:14:40 +0000] \"GET /apidoc/vendor/jquery.min.js?v=1483726480030 HTTP/1.1\" 200 -\n","timestamp":"2017-01-06T18:14:40.081Z"}
{"level":"info","message":"::1 - - [06/Jan/2017:18:14:40 +0000] \"GET /apidoc/vendor/webfontloader.js?v=1483726480030 HTTP/1.1\" 200 -\n","timestamp":"2017-01-06T18:14:40.099Z"}
{"level":"info","message":"::1 - - [06/Jan/2017:18:14:40 +0000] \"GET /apidoc/locales/ca.js?v=1483726480030 HTTP/1.1\" 200 -\n","timestamp":"2017-01-06T18:14:40.124Z"}
{"level":"info","message":"::1 - - [06/Jan/2017:18:14:40 +0000] \"GET /apidoc/vendor/prettify/prettify.js?v=1483726480030 HTTP/1.1\" 200 -\n","timestamp":"2017-01-06T18:14:40.125Z"}
{"level":"info","message":"::1 - - [06/Jan/2017:18:14:40 +0000] \"GET /apidoc/locales/de.js?v=1483726480030 HTTP/1.1\" 200 -\n","timestamp":"2017-01-06T18:14:40.126Z"}
{"level":"info","message":"::1 - - [06/Jan/2017:18:14:40 +0000] \"GET /apidoc/vendor/path-to-regexp/index.js?v=1483726480030 HTTP/1.1\" 200 -\n","timestamp":"2017-01-06T18:14:40.130Z"}
{"level":"info","message":"::1 - - [06/Jan/2017:18:14:40 +0000] \"GET /apidoc/locales/es.js?v=1483726480030 HTTP/1.1\" 200 -\n","timestamp":"2017-01-06T18:14:40.132Z"}
{"level":"info","message":"::1 - - [06/Jan/2017:18:14:40 +0000] \"GET /apidoc/locales/fr.js?v=1483726480030 HTTP/1.1\" 200 -\n","timestamp":"2017-01-06T18:14:40.140Z"}
{"level":"info","message":"::1 - - [06/Jan/2017:18:14:40 +0000] \"GET /apidoc/locales/it.js?v=1483726480030 HTTP/1.1\" 200 -\n","timestamp":"2017-01-06T18:14:40.151Z"}
{"level":"info","message":"::1 - - [06/Jan/2017:18:14:40 +0000] \"GET /apidoc/locales/nl.js?v=1483726480030 HTTP/1.1\" 200 -\n","timestamp":"2017-01-06T18:14:40.152Z"}
{"level":"info","message":"::1 - - [06/Jan/2017:18:14:40 +0000] \"GET /apidoc/locales/pl.js?v=1483726480030 HTTP/1.1\" 200 -\n","timestamp":"2017-01-06T18:14:40.155Z"}
{"level":"info","message":"::1 - - [06/Jan/2017:18:14:40 +0000] \"GET /apidoc/locales/pt_br.js?v=1483726480030 HTTP/1.1\" 200 -\n","timestamp":"2017-01-06T18:14:40.155Z"}
{"level":"info","message":"::1 - - [06/Jan/2017:18:14:40 +0000] \"GET /apidoc/locales/ru.js?v=1483726480030 HTTP/1.1\" 200 -\n","timestamp":"2017-01-06T18:14:40.182Z"}
{"level":"info","message":"::1 - - [06/Jan/2017:18:14:40 +0000] \"GET /apidoc/locales/zh.js?v=1483726480030 HTTP/1.1\" 200 -\n","timestamp":"2017-01-06T18:14:40.189Z"}
{"level":"info","message":"::1 - - [06/Jan/2017:18:14:40 +0000] \"GET /apidoc/locales/zh_cn.js?v=1483726480030 HTTP/1.1\" 200 -\n","timestamp":"2017-01-06T18:14:40.215Z"}
{"level":"info","message":"::1 - - [06/Jan/2017:18:14:40 +0000] \"GET /apidoc/vendor/handlebars.min.js?v=1483726480030 HTTP/1.1\" 200 -\n","timestamp":"2017-01-06T18:14:40.220Z"}
{"level":"info","message":"::1 - - [06/Jan/2017:18:14:40 +0000] \"GET /apidoc/vendor/bootstrap.min.js?v=1483726480030 HTTP/1.1\" 200 -\n","timestamp":"2017-01-06T18:14:40.233Z"}
{"level":"info","message":"::1 - - [06/Jan/2017:18:14:40 +0000] \"GET /apidoc/utils/handlebars_helper.js?v=1483726480030 HTTP/1.1\" 200 -\n","timestamp":"2017-01-06T18:14:40.406Z"}
{"level":"info","message":"::1 - - [06/Jan/2017:18:14:40 +0000] \"GET /apidoc/vendor/diff_match_patch.min.js?v=1483726480030 HTTP/1.1\" 200 -\n","timestamp":"2017-01-06T18:14:40.608Z"}
{"level":"info","message":"::1 - - [06/Jan/2017:18:16:02 +0000] \"GET / HTTP/1.1\" 304 -\n","timestamp":"2017-01-06T18:16:02.388Z"}
{"level":"info","message":"::1 - - [06/Jan/2017:18:23:23 +0000] \"GET / HTTP/1.1\" 200 22\n","timestamp":"2017-01-06T18:23:23.579Z"}
{"level":"info","message":"::1 - - [06/Jan/2017:18:23:24 +0000] \"GET /favicon.ico HTTP/1.1\" 404 24\n","timestamp":"2017-01-06T18:23:24.400Z"}
{"level":"info","message":"::1 - - [06/Jan/2017:18:24:22 +0000] \"GET /tasks HTTP/1.1\" 401 -\n","timestamp":"2017-01-06T18:24:22.672Z"}
